{
  "stats": {
    "suites": 1,
    "tests": 1,
    "passes": 0,
    "pending": 0,
    "failures": 1,
    "start": "2023-02-09T13:07:33.489Z",
    "end": "2023-02-09T13:09:33.848Z",
    "duration": 120359,
    "testsRegistered": 11,
    "passPercent": 0,
    "pendingPercent": 0,
    "other": 0,
    "hasOther": false,
    "skipped": 10,
    "hasSkipped": true
  },
  "results": [
    {
      "uuid": "32877550-0ecd-4726-a587-584fa75f3796",
      "title": "",
      "fullFile": "cypress/e2e/web/home.cy.js",
      "file": "cypress/e2e/web/home.cy.js",
      "beforeHooks": [],
      "afterHooks": [],
      "tests": [],
      "suites": [
        {
          "uuid": "73f89611-63b4-47ca-9b16-5e22c38e206c",
          "title": "Homepage-tests-web",
          "fullFile": "",
          "file": "",
          "beforeHooks": [],
          "afterHooks": [],
          "tests": [
            {
              "title": "should open iddaa.com home page",
              "fullTitle": "Homepage-tests-web should open iddaa.com home page",
              "timedOut": null,
              "duration": 120253,
              "state": "failed",
              "speed": null,
              "pass": false,
              "fail": true,
              "pending": false,
              "context": null,
              "code": "const url = cy.url();\nurl.should(\"eq\", IDDAA_URL);",
              "err": {
                "message": "CypressError: Timed out after waiting `120000ms` for your remote page to load.\n\nYour page did not fire its `load` event within `120000ms`.\n\nYou can try increasing the `pageLoadTimeout` value in `home/runner/work/cypressReport/cypressReport/cypress.config.js` to wait longer.\n\nBrowsers will not fire the `load` event until all stylesheets and scripts are done downloading.\n\nWhen this `load` event occurs, Cypress will continue running commands.\n\nBecause this error occurred during a `before all` hook we are skipping the remaining tests in the current suite: `Homepage-tests-web`",
                "estack": "CypressError: Timed out after waiting `120000ms` for your remote page to load.\n\nYour page did not fire its `load` event within `120000ms`.\n\nYou can try increasing the `pageLoadTimeout` value in `home/runner/work/cypressReport/cypressReport/cypress.config.js` to wait longer.\n\nBrowsers will not fire the `load` event until all stylesheets and scripts are done downloading.\n\nWhen this `load` event occurs, Cypress will continue running commands.\n\nBecause this error occurred during a `before all` hook we are skipping the remaining tests in the current suite: `Homepage-tests-web`\n    at timedOutWaitingForPageLoad (https://www.iddaa.com/__cypress/runner/cypress_runner.js:141075:72)\n    at <unknown> (https://www.iddaa.com/__cypress/runner/cypress_runner.js:142255:16)\n    at tryCatcher (https://www.iddaa.com/__cypress/runner/cypress_runner.js:11318:23)\n    at <unknown> (https://www.iddaa.com/__cypress/runner/cypress_runner.js:6440:41)\n    at tryCatcher (https://www.iddaa.com/__cypress/runner/cypress_runner.js:11318:23)\n    at Promise._settlePromiseFromHandler (https://www.iddaa.com/__cypress/runner/cypress_runner.js:9253:31)\n    at Promise._settlePromise (https://www.iddaa.com/__cypress/runner/cypress_runner.js:9310:18)\n    at Promise._settlePromise0 (https://www.iddaa.com/__cypress/runner/cypress_runner.js:9355:10)\n    at Promise._settlePromises (https://www.iddaa.com/__cypress/runner/cypress_runner.js:9431:18)\n    at _drainQueueStep (https://www.iddaa.com/__cypress/runner/cypress_runner.js:6025:12)\n    at _drainQueue (https://www.iddaa.com/__cypress/runner/cypress_runner.js:6018:9)\n    at ../../node_modules/bluebird/js/release/async.js.Async._drainQueues (https://www.iddaa.com/__cypress/runner/cypress_runner.js:6034:5)\n    at Async.drainQueues (https://www.iddaa.com/__cypress/runner/cypress_runner.js:5904:14)\nFrom Your Spec Code:\n    at Context.eval (webpack:///./cypress/e2e/web/home.cy.js:8:11)",
                "diff": null
              },
              "uuid": "cbf98129-bcca-4ccd-8b60-e1964af93659",
              "parentUUID": "73f89611-63b4-47ca-9b16-5e22c38e206c",
              "isHook": false,
              "skipped": false
            },
            {
              "title": "should exist main slider",
              "fullTitle": "Homepage-tests-web should exist main slider",
              "timedOut": null,
              "duration": 0,
              "state": "skipped",
              "speed": null,
              "pass": false,
              "fail": false,
              "pending": false,
              "context": null,
              "code": "const slider = cy.get('[data-comp-name=\"slider-item\"]');\nslider.should(\"be.visible\").should(\"exist\");",
              "err": {},
              "uuid": "b7d66cc9-ef04-47b6-8187-2caf1fc0e5a2",
              "parentUUID": "73f89611-63b4-47ca-9b16-5e22c38e206c",
              "isHook": false,
              "skipped": true
            },
            {
              "title": "should have title on iddaa home page",
              "fullTitle": "Homepage-tests-web should have title on iddaa home page",
              "timedOut": null,
              "duration": 0,
              "state": "skipped",
              "speed": null,
              "pass": false,
              "fail": false,
              "pending": false,
              "context": null,
              "code": "const title = cy.title();\ntitle.should(\"not.be.empty\");\ntitle.should(\"eq\", \"İddaa - En İyi, En Güvenilir Yasal Canlı Bahis Sitesi İddaa.com İle Canlı Kupon Yapın\");",
              "err": {},
              "uuid": "db9b861e-2a23-4095-b3b5-821be880cfd3",
              "parentUUID": "73f89611-63b4-47ca-9b16-5e22c38e206c",
              "isHook": false,
              "skipped": true
            },
            {
              "title": "should have title on iddaa home page - v2",
              "fullTitle": "Homepage-tests-web should have title on iddaa home page - v2",
              "timedOut": null,
              "duration": 0,
              "state": "skipped",
              "speed": null,
              "pass": false,
              "fail": false,
              "pending": false,
              "context": null,
              "code": "const title = cy.title();\ntitle.should(\"not.be.empty\").and(\"eq\", \"İddaa - En İyi, En Güvenilir Yasal Canlı Bahis Sitesi İddaa.com İle Canlı Kupon Yapın\").and(\"have.length.greaterThan\", 10);",
              "err": {},
              "uuid": "f515a80a-74b2-4e8a-bb76-5fc86f49901e",
              "parentUUID": "73f89611-63b4-47ca-9b16-5e22c38e206c",
              "isHook": false,
              "skipped": true
            },
            {
              "title": "should have scroll down to 500px on iddaa home page and windows scrollY attribute should be 500px",
              "fullTitle": "Homepage-tests-web should have scroll down to 500px on iddaa home page and windows scrollY attribute should be 500px",
              "timedOut": null,
              "duration": 0,
              "state": "skipped",
              "speed": null,
              "pass": false,
              "fail": false,
              "pending": false,
              "context": null,
              "code": "cy.scrollTo(0, 500);\ncy.window().its(\"scrollY\").should(\"eq\", 500);",
              "err": {},
              "uuid": "7c43c45e-2275-4dec-acf7-2c0a86f68df3",
              "parentUUID": "73f89611-63b4-47ca-9b16-5e22c38e206c",
              "isHook": false,
              "skipped": true
            },
            {
              "title": "should have link  the live matches page on navigation  menus first item - 1",
              "fullTitle": "Homepage-tests-web should have link  the live matches page on navigation  menus first item - 1",
              "timedOut": null,
              "duration": 0,
              "state": "skipped",
              "speed": null,
              "pass": false,
              "fail": false,
              "pending": false,
              "context": null,
              "code": "cy.get('[data-comp-name=\"mainMenu-live-button\"]').should(\"have.attr\", \"href\", \"/program/canli/futbol\");",
              "err": {},
              "uuid": "56177c43-9ea2-4406-9631-4522d6d930ad",
              "parentUUID": "73f89611-63b4-47ca-9b16-5e22c38e206c",
              "isHook": false,
              "skipped": true
            },
            {
              "title": "should have link  the live matches page on navigation  menus first item - 2",
              "fullTitle": "Homepage-tests-web should have link  the live matches page on navigation  menus first item - 2",
              "timedOut": null,
              "duration": 0,
              "state": "skipped",
              "speed": null,
              "pass": false,
              "fail": false,
              "pending": false,
              "context": null,
              "code": "cy.get('[data-comp-name=\"mainMenu-live-button\"]').invoke(\"attr\", \"href\").then(href => {\n  expect(href).to.equal(\"/program/canli/futbol\");\n});",
              "err": {},
              "uuid": "e660b785-56b1-440a-8c06-3f1a55fd663c",
              "parentUUID": "73f89611-63b4-47ca-9b16-5e22c38e206c",
              "isHook": false,
              "skipped": true
            },
            {
              "title": "should have CANLI text in live matches page on navigation",
              "fullTitle": "Homepage-tests-web should have CANLI text in live matches page on navigation",
              "timedOut": null,
              "duration": 0,
              "state": "skipped",
              "speed": null,
              "pass": false,
              "fail": false,
              "pending": false,
              "context": null,
              "code": "cy.get('[data-comp-name=\"mainMenu-live-button\"] > div').contains(\"CANLI\");",
              "err": {},
              "uuid": "d15115ac-468d-4b8e-b2c6-74dcff1f1042",
              "parentUUID": "73f89611-63b4-47ca-9b16-5e22c38e206c",
              "isHook": false,
              "skipped": true
            },
            {
              "title": "should 'tümünü göster button' exist on iddaa home page",
              "fullTitle": "Homepage-tests-web should 'tümünü göster button' exist on iddaa home page",
              "timedOut": null,
              "duration": 0,
              "state": "skipped",
              "speed": null,
              "pass": false,
              "fail": false,
              "pending": false,
              "context": null,
              "code": "cy.get('[data-comp-name=\"shortProgram-button\"]').should(\"exist\");",
              "err": {},
              "uuid": "77505b5d-6ec3-40f4-a8ee-a9641f8eed0b",
              "parentUUID": "73f89611-63b4-47ca-9b16-5e22c38e206c",
              "isHook": false,
              "skipped": true
            },
            {
              "title": "should 'tümünü göster button' exist on iddaa home page",
              "fullTitle": "Homepage-tests-web should 'tümünü göster button' exist on iddaa home page",
              "timedOut": null,
              "duration": 0,
              "state": "skipped",
              "speed": null,
              "pass": false,
              "fail": false,
              "pending": false,
              "context": null,
              "code": "cy.get('[data-comp-name=\"shortProgram-button\"] > a').should(\"have.attr\", \"href\", \"/program/canli/futbol\");",
              "err": {},
              "uuid": "8925ca74-5fe7-4de2-a9a5-306ba5054ba7",
              "parentUUID": "73f89611-63b4-47ca-9b16-5e22c38e206c",
              "isHook": false,
              "skipped": true
            },
            {
              "title": "should have 'tümünü göster button' text on iddaa home page click and go to live match page",
              "fullTitle": "Homepage-tests-web should have 'tümünü göster button' text on iddaa home page click and go to live match page",
              "timedOut": null,
              "duration": 0,
              "state": "skipped",
              "speed": null,
              "pass": false,
              "fail": false,
              "pending": false,
              "context": null,
              "code": "const button = cy.get('[data-comp-name=\"shortProgram-button\"]');\nbutton.click();\ncy.url().should(\"include\", \"/program/canli/futbol\");",
              "err": {},
              "uuid": "b1121d39-9df8-4e3f-993b-b46d99105082",
              "parentUUID": "73f89611-63b4-47ca-9b16-5e22c38e206c",
              "isHook": false,
              "skipped": true
            }
          ],
          "suites": [],
          "passes": [],
          "failures": [
            "cbf98129-bcca-4ccd-8b60-e1964af93659"
          ],
          "pending": [],
          "skipped": [
            "b7d66cc9-ef04-47b6-8187-2caf1fc0e5a2",
            "db9b861e-2a23-4095-b3b5-821be880cfd3",
            "f515a80a-74b2-4e8a-bb76-5fc86f49901e",
            "7c43c45e-2275-4dec-acf7-2c0a86f68df3",
            "56177c43-9ea2-4406-9631-4522d6d930ad",
            "e660b785-56b1-440a-8c06-3f1a55fd663c",
            "d15115ac-468d-4b8e-b2c6-74dcff1f1042",
            "77505b5d-6ec3-40f4-a8ee-a9641f8eed0b",
            "8925ca74-5fe7-4de2-a9a5-306ba5054ba7",
            "b1121d39-9df8-4e3f-993b-b46d99105082"
          ],
          "duration": 120253,
          "root": false,
          "rootEmpty": false,
          "_timeout": 2000
        }
      ],
      "passes": [],
      "failures": [],
      "pending": [],
      "skipped": [],
      "duration": 0,
      "root": true,
      "rootEmpty": true,
      "_timeout": 2000
    }
  ],
  "meta": {
    "mocha": {
      "version": "7.0.1"
    },
    "mochawesome": {
      "options": {
        "quiet": true,
        "reportFilename": "mochawesome",
        "saveHtml": false,
        "saveJson": true,
        "consoleReporter": "spec",
        "useInlineDiffs": false,
        "code": true
      },
      "version": "7.1.3"
    },
    "marge": {
      "options": {
        "id": "default",
        "reporterDir": "mochawesome-report",
        "quiet": true,
        "overwrite": false,
        "html": false,
        "json": true
      },
      "version": "6.2.0"
    }
  }
}