{
  "stats": {
    "suites": 1,
    "tests": 2,
    "passes": 1,
    "pending": 0,
    "failures": 1,
    "start": "2023-02-09T11:55:41.062Z",
    "end": "2023-02-09T12:00:17.437Z",
    "duration": 276375,
    "testsRegistered": 11,
    "passPercent": 9.090909090909092,
    "pendingPercent": 0,
    "other": 0,
    "hasOther": false,
    "skipped": 9,
    "hasSkipped": true
  },
  "results": [
    {
      "uuid": "b6ebf06f-3372-4412-84c8-fa62fbfebe36",
      "title": "",
      "fullFile": "cypress/e2e/web/home.cy.js",
      "file": "cypress/e2e/web/home.cy.js",
      "beforeHooks": [],
      "afterHooks": [],
      "tests": [],
      "suites": [
        {
          "uuid": "669c866d-f844-4d24-a920-76a82a0804c6",
          "title": "Homepage-tests-web",
          "fullFile": "",
          "file": "",
          "beforeHooks": [],
          "afterHooks": [],
          "tests": [
            {
              "title": "should open iddaa.com home page",
              "fullTitle": "Homepage-tests-web should open iddaa.com home page",
              "timedOut": null,
              "duration": 274291,
              "state": "passed",
              "speed": "slow",
              "pass": true,
              "fail": false,
              "pending": false,
              "context": null,
              "code": "const url = cy.url();\nurl.should(\"eq\", IDDAA_URL);",
              "err": {},
              "uuid": "6b4830ae-101d-4b8c-a9eb-59ead6921226",
              "parentUUID": "669c866d-f844-4d24-a920-76a82a0804c6",
              "isHook": false,
              "skipped": false
            },
            {
              "title": "should exist main slider",
              "fullTitle": "Homepage-tests-web should exist main slider",
              "timedOut": null,
              "duration": 1803,
              "state": "failed",
              "speed": null,
              "pass": false,
              "fail": true,
              "pending": false,
              "context": null,
              "code": "const slider = cy.get('[data-comp-name=\"slider-item\"]');\nslider.should(\"be.visible\").should(\"exist\");",
              "err": {
                "message": "AssertionError: Timed out retrying after 1000ms: Expected to find element: `[aria-label=\"Kapat\"]`, but never found it.\n\nBecause this error occurred during a `before each` hook we are skipping the remaining tests in the current suite: `Homepage-tests-web`",
                "estack": "AssertionError: Timed out retrying after 1000ms: Expected to find element: `[aria-label=\"Kapat\"]`, but never found it.\n\nBecause this error occurred during a `before each` hook we are skipping the remaining tests in the current suite: `Homepage-tests-web`\n    at Context.eval (webpack:///./cypress/e2e/web/home.cy.js:11:14)",
                "diff": null
              },
              "uuid": "4f4d1360-9cc1-47b2-afb9-f7f8b6fcb34c",
              "parentUUID": "669c866d-f844-4d24-a920-76a82a0804c6",
              "isHook": false,
              "skipped": false
            },
            {
              "title": "should have title on iddaa home page",
              "fullTitle": "Homepage-tests-web should have title on iddaa home page",
              "timedOut": null,
              "duration": 0,
              "state": "skipped",
              "speed": null,
              "pass": false,
              "fail": false,
              "pending": false,
              "context": null,
              "code": "const title = cy.title();\ntitle.should(\"not.be.empty\");\ntitle.should(\"eq\", \"İddaa - En İyi, En Güvenilir Yasal Canlı Bahis Sitesi İddaa.com İle Canlı Kupon Yapın\");",
              "err": {},
              "uuid": "8aa4ef39-5ca6-43a4-8aee-3ea1d0ac3a6d",
              "parentUUID": "669c866d-f844-4d24-a920-76a82a0804c6",
              "isHook": false,
              "skipped": true
            },
            {
              "title": "should have title on iddaa home page - v2",
              "fullTitle": "Homepage-tests-web should have title on iddaa home page - v2",
              "timedOut": null,
              "duration": 0,
              "state": "skipped",
              "speed": null,
              "pass": false,
              "fail": false,
              "pending": false,
              "context": null,
              "code": "const title = cy.title();\ntitle.should(\"not.be.empty\").and(\"eq\", \"İddaa - En İyi, En Güvenilir Yasal Canlı Bahis Sitesi İddaa.com İle Canlı Kupon Yapın\").and(\"have.length.greaterThan\", 10);",
              "err": {},
              "uuid": "87a6d73b-9b69-4025-858e-d27333c46c5a",
              "parentUUID": "669c866d-f844-4d24-a920-76a82a0804c6",
              "isHook": false,
              "skipped": true
            },
            {
              "title": "should have scroll down to 500px on iddaa home page and windows scrollY attribute should be 500px",
              "fullTitle": "Homepage-tests-web should have scroll down to 500px on iddaa home page and windows scrollY attribute should be 500px",
              "timedOut": null,
              "duration": 0,
              "state": "skipped",
              "speed": null,
              "pass": false,
              "fail": false,
              "pending": false,
              "context": null,
              "code": "cy.scrollTo(0, 500);\ncy.window().its(\"scrollY\").should(\"eq\", 500);",
              "err": {},
              "uuid": "7f74f74c-8859-44e7-9dfe-3f67e0c9cb7e",
              "parentUUID": "669c866d-f844-4d24-a920-76a82a0804c6",
              "isHook": false,
              "skipped": true
            },
            {
              "title": "should have link  the live matches page on navigation  menus first item - 1",
              "fullTitle": "Homepage-tests-web should have link  the live matches page on navigation  menus first item - 1",
              "timedOut": null,
              "duration": 0,
              "state": "skipped",
              "speed": null,
              "pass": false,
              "fail": false,
              "pending": false,
              "context": null,
              "code": "cy.get('[data-comp-name=\"mainMenu-live-button\"]').should(\"have.attr\", \"href\", \"/program/canli/futbol\");",
              "err": {},
              "uuid": "50ef9ae5-b418-4d7c-b6e6-37ad4410d05a",
              "parentUUID": "669c866d-f844-4d24-a920-76a82a0804c6",
              "isHook": false,
              "skipped": true
            },
            {
              "title": "should have link  the live matches page on navigation  menus first item - 2",
              "fullTitle": "Homepage-tests-web should have link  the live matches page on navigation  menus first item - 2",
              "timedOut": null,
              "duration": 0,
              "state": "skipped",
              "speed": null,
              "pass": false,
              "fail": false,
              "pending": false,
              "context": null,
              "code": "cy.get('[data-comp-name=\"mainMenu-live-button\"]').invoke(\"attr\", \"href\").then(href => {\n  expect(href).to.equal(\"/program/canli/futbol\");\n});",
              "err": {},
              "uuid": "da878909-c129-470a-832b-5c1388e95835",
              "parentUUID": "669c866d-f844-4d24-a920-76a82a0804c6",
              "isHook": false,
              "skipped": true
            },
            {
              "title": "should have CANLI text in live matches page on navigation",
              "fullTitle": "Homepage-tests-web should have CANLI text in live matches page on navigation",
              "timedOut": null,
              "duration": 0,
              "state": "skipped",
              "speed": null,
              "pass": false,
              "fail": false,
              "pending": false,
              "context": null,
              "code": "cy.get('[data-comp-name=\"mainMenu-live-button\"] > div').contains(\"CANLI\");",
              "err": {},
              "uuid": "6fe17073-31f5-40b1-a9e5-5d9017945e23",
              "parentUUID": "669c866d-f844-4d24-a920-76a82a0804c6",
              "isHook": false,
              "skipped": true
            },
            {
              "title": "should 'tümünü göster button' exist on iddaa home page",
              "fullTitle": "Homepage-tests-web should 'tümünü göster button' exist on iddaa home page",
              "timedOut": null,
              "duration": 0,
              "state": "skipped",
              "speed": null,
              "pass": false,
              "fail": false,
              "pending": false,
              "context": null,
              "code": "cy.get('[data-comp-name=\"shortProgram-button\"]').should(\"exist\");",
              "err": {},
              "uuid": "b7184104-ccf1-4075-94e7-8094a3b772fd",
              "parentUUID": "669c866d-f844-4d24-a920-76a82a0804c6",
              "isHook": false,
              "skipped": true
            },
            {
              "title": "should 'tümünü göster button' exist on iddaa home page",
              "fullTitle": "Homepage-tests-web should 'tümünü göster button' exist on iddaa home page",
              "timedOut": null,
              "duration": 0,
              "state": "skipped",
              "speed": null,
              "pass": false,
              "fail": false,
              "pending": false,
              "context": null,
              "code": "cy.get('[data-comp-name=\"shortProgram-button\"] > a').should(\"have.attr\", \"href\", \"/program/canli/futbol\");",
              "err": {},
              "uuid": "793dad0e-0519-4944-9b90-f0eb0470735d",
              "parentUUID": "669c866d-f844-4d24-a920-76a82a0804c6",
              "isHook": false,
              "skipped": true
            },
            {
              "title": "should have 'tümünü göster button' text on iddaa home page click and go to live match page",
              "fullTitle": "Homepage-tests-web should have 'tümünü göster button' text on iddaa home page click and go to live match page",
              "timedOut": null,
              "duration": 0,
              "state": "skipped",
              "speed": null,
              "pass": false,
              "fail": false,
              "pending": false,
              "context": null,
              "code": "const button = cy.get('[data-comp-name=\"shortProgram-button\"]');\nbutton.click();\ncy.url().should(\"include\", \"/program/canli/futbol\");",
              "err": {},
              "uuid": "67154a6d-60c0-4096-b896-ae40af75868d",
              "parentUUID": "669c866d-f844-4d24-a920-76a82a0804c6",
              "isHook": false,
              "skipped": true
            }
          ],
          "suites": [],
          "passes": [
            "6b4830ae-101d-4b8c-a9eb-59ead6921226"
          ],
          "failures": [
            "4f4d1360-9cc1-47b2-afb9-f7f8b6fcb34c"
          ],
          "pending": [],
          "skipped": [
            "8aa4ef39-5ca6-43a4-8aee-3ea1d0ac3a6d",
            "87a6d73b-9b69-4025-858e-d27333c46c5a",
            "7f74f74c-8859-44e7-9dfe-3f67e0c9cb7e",
            "50ef9ae5-b418-4d7c-b6e6-37ad4410d05a",
            "da878909-c129-470a-832b-5c1388e95835",
            "6fe17073-31f5-40b1-a9e5-5d9017945e23",
            "b7184104-ccf1-4075-94e7-8094a3b772fd",
            "793dad0e-0519-4944-9b90-f0eb0470735d",
            "67154a6d-60c0-4096-b896-ae40af75868d"
          ],
          "duration": 276094,
          "root": false,
          "rootEmpty": false,
          "_timeout": 2000
        }
      ],
      "passes": [],
      "failures": [],
      "pending": [],
      "skipped": [],
      "duration": 0,
      "root": true,
      "rootEmpty": true,
      "_timeout": 2000
    }
  ],
  "meta": {
    "mocha": {
      "version": "7.0.1"
    },
    "mochawesome": {
      "options": {
        "quiet": true,
        "reportFilename": "mochawesome",
        "saveHtml": false,
        "saveJson": true,
        "consoleReporter": "spec",
        "useInlineDiffs": false,
        "code": true
      },
      "version": "7.1.3"
    },
    "marge": {
      "options": {
        "id": "default",
        "reporterDir": "mochawesome-report",
        "quiet": true,
        "overwrite": false,
        "html": false,
        "json": true
      },
      "version": "6.2.0"
    }
  }
}