{
  "stats": {
    "suites": 1,
    "tests": 1,
    "passes": 0,
    "pending": 0,
    "failures": 1,
    "start": "2023-02-09T11:31:14.478Z",
    "end": "2023-02-09T11:31:29.850Z",
    "duration": 15372,
    "testsRegistered": 11,
    "passPercent": 0,
    "pendingPercent": 0,
    "other": 0,
    "hasOther": false,
    "skipped": 10,
    "hasSkipped": true
  },
  "results": [
    {
      "uuid": "8f9ec8c7-30ee-45ab-bf62-4ba5eecd1e00",
      "title": "",
      "fullFile": "cypress/e2e/web/home.cy.js",
      "file": "cypress/e2e/web/home.cy.js",
      "beforeHooks": [],
      "afterHooks": [],
      "tests": [],
      "suites": [
        {
          "uuid": "50ab74fc-feb1-46af-b691-78b167cff3d7",
          "title": "Homepage-tests-web",
          "fullFile": "",
          "file": "",
          "beforeHooks": [],
          "afterHooks": [],
          "tests": [
            {
              "title": "should open iddaa.com home page",
              "fullTitle": "Homepage-tests-web should open iddaa.com home page",
              "timedOut": null,
              "duration": 15280,
              "state": "failed",
              "speed": null,
              "pass": false,
              "fail": true,
              "pending": false,
              "context": null,
              "code": "const url = cy.url();\nurl.should(\"eq\", IDDAA_URL);",
              "err": {
                "message": "CypressError: Timed out after waiting `15000ms` for your remote page to load.\n\nYour page did not fire its `load` event within `15000ms`.\n\nYou can try increasing the `pageLoadTimeout` value in `home/runner/work/cypressReport/cypressReport/cypress.config.js` to wait longer.\n\nBrowsers will not fire the `load` event until all stylesheets and scripts are done downloading.\n\nWhen this `load` event occurs, Cypress will continue running commands.\n\nBecause this error occurred during a `before all` hook we are skipping the remaining tests in the current suite: `Homepage-tests-web`",
                "estack": "CypressError: Timed out after waiting `15000ms` for your remote page to load.\n\nYour page did not fire its `load` event within `15000ms`.\n\nYou can try increasing the `pageLoadTimeout` value in `home/runner/work/cypressReport/cypressReport/cypress.config.js` to wait longer.\n\nBrowsers will not fire the `load` event until all stylesheets and scripts are done downloading.\n\nWhen this `load` event occurs, Cypress will continue running commands.\n\nBecause this error occurred during a `before all` hook we are skipping the remaining tests in the current suite: `Homepage-tests-web`\n    at timedOutWaitingForPageLoad (https://www.iddaa.com/__cypress/runner/cypress_runner.js:141075:72)\n    at <unknown> (https://www.iddaa.com/__cypress/runner/cypress_runner.js:142255:16)\n    at tryCatcher (https://www.iddaa.com/__cypress/runner/cypress_runner.js:11318:23)\n    at <unknown> (https://www.iddaa.com/__cypress/runner/cypress_runner.js:6440:41)\n    at tryCatcher (https://www.iddaa.com/__cypress/runner/cypress_runner.js:11318:23)\n    at Promise._settlePromiseFromHandler (https://www.iddaa.com/__cypress/runner/cypress_runner.js:9253:31)\n    at Promise._settlePromise (https://www.iddaa.com/__cypress/runner/cypress_runner.js:9310:18)\n    at Promise._settlePromise0 (https://www.iddaa.com/__cypress/runner/cypress_runner.js:9355:10)\n    at Promise._settlePromises (https://www.iddaa.com/__cypress/runner/cypress_runner.js:9431:18)\n    at _drainQueueStep (https://www.iddaa.com/__cypress/runner/cypress_runner.js:6025:12)\n    at _drainQueue (https://www.iddaa.com/__cypress/runner/cypress_runner.js:6018:9)\n    at ../../node_modules/bluebird/js/release/async.js.Async._drainQueues (https://www.iddaa.com/__cypress/runner/cypress_runner.js:6034:5)\n    at Async.drainQueues (https://www.iddaa.com/__cypress/runner/cypress_runner.js:5904:14)\nFrom Your Spec Code:\n    at Context.eval (webpack:///./cypress/e2e/web/home.cy.js:8:11)",
                "diff": null
              },
              "uuid": "15dfafed-b05e-4c19-a359-f6745edffd87",
              "parentUUID": "50ab74fc-feb1-46af-b691-78b167cff3d7",
              "isHook": false,
              "skipped": false
            },
            {
              "title": "should exist main slider",
              "fullTitle": "Homepage-tests-web should exist main slider",
              "timedOut": null,
              "duration": 0,
              "state": "skipped",
              "speed": null,
              "pass": false,
              "fail": false,
              "pending": false,
              "context": null,
              "code": "const slider = cy.get('[data-comp-name=\"slider-item\"]');\nslider.should(\"be.visible\").should(\"exist\");",
              "err": {},
              "uuid": "9c568430-0a53-4c34-929e-f8fcedb31b0a",
              "parentUUID": "50ab74fc-feb1-46af-b691-78b167cff3d7",
              "isHook": false,
              "skipped": true
            },
            {
              "title": "should have title on iddaa home page",
              "fullTitle": "Homepage-tests-web should have title on iddaa home page",
              "timedOut": null,
              "duration": 0,
              "state": "skipped",
              "speed": null,
              "pass": false,
              "fail": false,
              "pending": false,
              "context": null,
              "code": "const title = cy.title();\ntitle.should(\"not.be.empty\");\ntitle.should(\"eq\", \"İddaa - En İyi, En Güvenilir Yasal Canlı Bahis Sitesi İddaa.com İle Canlı Kupon Yapın\");",
              "err": {},
              "uuid": "ab1047d7-9edf-4114-bf8d-daa814f23e35",
              "parentUUID": "50ab74fc-feb1-46af-b691-78b167cff3d7",
              "isHook": false,
              "skipped": true
            },
            {
              "title": "should have title on iddaa home page - v2",
              "fullTitle": "Homepage-tests-web should have title on iddaa home page - v2",
              "timedOut": null,
              "duration": 0,
              "state": "skipped",
              "speed": null,
              "pass": false,
              "fail": false,
              "pending": false,
              "context": null,
              "code": "const title = cy.title();\ntitle.should(\"not.be.empty\").and(\"eq\", \"İddaa - En İyi, En Güvenilir Yasal Canlı Bahis Sitesi İddaa.com İle Canlı Kupon Yapın\").and(\"have.length.greaterThan\", 10);",
              "err": {},
              "uuid": "52b9884b-9501-4dcb-a707-533f339f59af",
              "parentUUID": "50ab74fc-feb1-46af-b691-78b167cff3d7",
              "isHook": false,
              "skipped": true
            },
            {
              "title": "should have scroll down to 500px on iddaa home page and windows scrollY attribute should be 500px",
              "fullTitle": "Homepage-tests-web should have scroll down to 500px on iddaa home page and windows scrollY attribute should be 500px",
              "timedOut": null,
              "duration": 0,
              "state": "skipped",
              "speed": null,
              "pass": false,
              "fail": false,
              "pending": false,
              "context": null,
              "code": "cy.scrollTo(0, 500);\ncy.window().its(\"scrollY\").should(\"eq\", 500);",
              "err": {},
              "uuid": "b0b333bc-0257-4a1a-a9b8-ca022d1d1db0",
              "parentUUID": "50ab74fc-feb1-46af-b691-78b167cff3d7",
              "isHook": false,
              "skipped": true
            },
            {
              "title": "should have link  the live matches page on navigation  menus first item - 1",
              "fullTitle": "Homepage-tests-web should have link  the live matches page on navigation  menus first item - 1",
              "timedOut": null,
              "duration": 0,
              "state": "skipped",
              "speed": null,
              "pass": false,
              "fail": false,
              "pending": false,
              "context": null,
              "code": "cy.get('[data-comp-name=\"mainMenu-live-button\"]').should(\"have.attr\", \"href\", \"/program/canli/futbol\");",
              "err": {},
              "uuid": "e1c205b4-cace-48d4-a63c-9b217b9128b3",
              "parentUUID": "50ab74fc-feb1-46af-b691-78b167cff3d7",
              "isHook": false,
              "skipped": true
            },
            {
              "title": "should have link  the live matches page on navigation  menus first item - 2",
              "fullTitle": "Homepage-tests-web should have link  the live matches page on navigation  menus first item - 2",
              "timedOut": null,
              "duration": 0,
              "state": "skipped",
              "speed": null,
              "pass": false,
              "fail": false,
              "pending": false,
              "context": null,
              "code": "cy.get('[data-comp-name=\"mainMenu-live-button\"]').invoke(\"attr\", \"href\").then(href => {\n  expect(href).to.equal(\"/program/canli/futbol\");\n});",
              "err": {},
              "uuid": "5cac91c0-3ee1-4a37-8f0c-dd45aa7b42f7",
              "parentUUID": "50ab74fc-feb1-46af-b691-78b167cff3d7",
              "isHook": false,
              "skipped": true
            },
            {
              "title": "should have CANLI text in live matches page on navigation",
              "fullTitle": "Homepage-tests-web should have CANLI text in live matches page on navigation",
              "timedOut": null,
              "duration": 0,
              "state": "skipped",
              "speed": null,
              "pass": false,
              "fail": false,
              "pending": false,
              "context": null,
              "code": "cy.get('[data-comp-name=\"mainMenu-live-button\"] > div').contains(\"CANLI\");",
              "err": {},
              "uuid": "0811615a-49ac-4883-b8e2-1953712a270b",
              "parentUUID": "50ab74fc-feb1-46af-b691-78b167cff3d7",
              "isHook": false,
              "skipped": true
            },
            {
              "title": "should 'tümünü göster button' exist on iddaa home page",
              "fullTitle": "Homepage-tests-web should 'tümünü göster button' exist on iddaa home page",
              "timedOut": null,
              "duration": 0,
              "state": "skipped",
              "speed": null,
              "pass": false,
              "fail": false,
              "pending": false,
              "context": null,
              "code": "cy.get('[data-comp-name=\"shortProgram-button\"]').should(\"exist\");",
              "err": {},
              "uuid": "82d86209-fb05-4cb0-8806-4c5106bfbdd4",
              "parentUUID": "50ab74fc-feb1-46af-b691-78b167cff3d7",
              "isHook": false,
              "skipped": true
            },
            {
              "title": "should 'tümünü göster button' exist on iddaa home page",
              "fullTitle": "Homepage-tests-web should 'tümünü göster button' exist on iddaa home page",
              "timedOut": null,
              "duration": 0,
              "state": "skipped",
              "speed": null,
              "pass": false,
              "fail": false,
              "pending": false,
              "context": null,
              "code": "cy.get('[data-comp-name=\"shortProgram-button\"] > a').should(\"have.attr\", \"href\", \"/program/canli/futbol\");",
              "err": {},
              "uuid": "1fab1b55-de13-4d03-b148-6a2cc8a5ab1c",
              "parentUUID": "50ab74fc-feb1-46af-b691-78b167cff3d7",
              "isHook": false,
              "skipped": true
            },
            {
              "title": "should have 'tümünü göster button' text on iddaa home page click and go to live match page",
              "fullTitle": "Homepage-tests-web should have 'tümünü göster button' text on iddaa home page click and go to live match page",
              "timedOut": null,
              "duration": 0,
              "state": "skipped",
              "speed": null,
              "pass": false,
              "fail": false,
              "pending": false,
              "context": null,
              "code": "const button = cy.get('[data-comp-name=\"shortProgram-button\"]');\nbutton.click();\ncy.url().should(\"include\", \"/program/canli/futbol\");",
              "err": {},
              "uuid": "32535cbc-6197-4875-bf41-371feadcfffe",
              "parentUUID": "50ab74fc-feb1-46af-b691-78b167cff3d7",
              "isHook": false,
              "skipped": true
            }
          ],
          "suites": [],
          "passes": [],
          "failures": [
            "15dfafed-b05e-4c19-a359-f6745edffd87"
          ],
          "pending": [],
          "skipped": [
            "9c568430-0a53-4c34-929e-f8fcedb31b0a",
            "ab1047d7-9edf-4114-bf8d-daa814f23e35",
            "52b9884b-9501-4dcb-a707-533f339f59af",
            "b0b333bc-0257-4a1a-a9b8-ca022d1d1db0",
            "e1c205b4-cace-48d4-a63c-9b217b9128b3",
            "5cac91c0-3ee1-4a37-8f0c-dd45aa7b42f7",
            "0811615a-49ac-4883-b8e2-1953712a270b",
            "82d86209-fb05-4cb0-8806-4c5106bfbdd4",
            "1fab1b55-de13-4d03-b148-6a2cc8a5ab1c",
            "32535cbc-6197-4875-bf41-371feadcfffe"
          ],
          "duration": 15280,
          "root": false,
          "rootEmpty": false,
          "_timeout": 2000
        }
      ],
      "passes": [],
      "failures": [],
      "pending": [],
      "skipped": [],
      "duration": 0,
      "root": true,
      "rootEmpty": true,
      "_timeout": 2000
    }
  ],
  "meta": {
    "mocha": {
      "version": "7.0.1"
    },
    "mochawesome": {
      "options": {
        "quiet": true,
        "reportFilename": "mochawesome",
        "saveHtml": false,
        "saveJson": true,
        "consoleReporter": "spec",
        "useInlineDiffs": false,
        "code": true
      },
      "version": "7.1.3"
    },
    "marge": {
      "options": {
        "id": "default",
        "reporterDir": "mochawesome-report",
        "quiet": true,
        "overwrite": false,
        "html": false,
        "json": true
      },
      "version": "6.2.0"
    }
  }
}