{
  "stats": {
    "suites": 2,
    "tests": 1,
    "passes": 1,
    "pending": 0,
    "failures": 0,
    "start": "2023-02-09T10:28:40.227Z",
    "end": "2023-02-09T10:28:40.410Z",
    "duration": 183,
    "testsRegistered": 1,
    "passPercent": 100,
    "pendingPercent": 0,
    "other": 0,
    "hasOther": false,
    "skipped": 0,
    "hasSkipped": false
  },
  "results": [
    {
      "uuid": "da38063b-8c02-4ea7-b6bd-db9b8061057f",
      "title": "",
      "fullFile": "cypress/e2e/Produtos/GET-products.cy.js",
      "file": "cypress/e2e/Produtos/GET-products.cy.js",
      "beforeHooks": [],
      "afterHooks": [],
      "tests": [],
      "suites": [
        {
          "uuid": "8fc2c23e-5db5-4828-875b-f22ade4c2f82",
          "title": "Given the products api",
          "fullFile": "",
          "file": "",
          "beforeHooks": [],
          "afterHooks": [],
          "tests": [],
          "suites": [
            {
              "uuid": "1eaa36b0-1e9f-46e4-b20d-c0681536594f",
              "title": "When I send GET /produtos",
              "fullFile": "",
              "file": "",
              "beforeHooks": [],
              "afterHooks": [],
              "tests": [
                {
                  "title": "Then it should return a list with all registered products",
                  "fullTitle": "Given the products api When I send GET /produtos Then it should return a list with all registered products",
                  "timedOut": null,
                  "duration": 153,
                  "state": "passed",
                  "speed": "fast",
                  "pass": true,
                  "fail": false,
                  "pending": false,
                  "context": null,
                  "code": "cy.api({\n  method: \"GET\",\n  url: \"/produtos\"\n}).should(response => {\n  expect(response.status).to.eq(200);\n  expect(response.body.quantidade).to.eq(response.body.produtos.length);\n  Cypress._.each(response.body.produtos, produto => {\n    expect(produto.email).to.not.be.null;\n    expect(produto).to.contain.keys(\"nome\", \"preco\", \"descricao\", \"quantidade\", \"_id\");\n  });\n});",
                  "err": {},
                  "uuid": "31a02086-e85b-47a4-aebc-baa3dc93d60f",
                  "parentUUID": "1eaa36b0-1e9f-46e4-b20d-c0681536594f",
                  "isHook": false,
                  "skipped": false
                }
              ],
              "suites": [],
              "passes": [
                "31a02086-e85b-47a4-aebc-baa3dc93d60f"
              ],
              "failures": [],
              "pending": [],
              "skipped": [],
              "duration": 153,
              "root": false,
              "rootEmpty": false,
              "_timeout": 2000
            }
          ],
          "passes": [],
          "failures": [],
          "pending": [],
          "skipped": [],
          "duration": 0,
          "root": false,
          "rootEmpty": false,
          "_timeout": 2000
        }
      ],
      "passes": [],
      "failures": [],
      "pending": [],
      "skipped": [],
      "duration": 0,
      "root": true,
      "rootEmpty": true,
      "_timeout": 2000
    }
  ],
  "meta": {
    "mocha": {
      "version": "7.0.1"
    },
    "mochawesome": {
      "options": {
        "quiet": true,
        "reportFilename": "mochawesome",
        "saveHtml": false,
        "saveJson": true,
        "consoleReporter": "spec",
        "useInlineDiffs": false,
        "code": true
      },
      "version": "7.1.3"
    },
    "marge": {
      "options": {
        "id": "default",
        "reporterDir": "mochawesome-report",
        "quiet": true,
        "overwrite": false,
        "html": false,
        "json": true
      },
      "version": "6.2.0"
    }
  }
}