{
  "stats": {
    "suites": 1,
    "tests": 1,
    "passes": 0,
    "pending": 0,
    "failures": 1,
    "start": "2023-02-09T11:26:53.663Z",
    "end": "2023-02-09T11:27:54.060Z",
    "duration": 60397,
    "testsRegistered": 11,
    "passPercent": 0,
    "pendingPercent": 0,
    "other": 0,
    "hasOther": false,
    "skipped": 10,
    "hasSkipped": true
  },
  "results": [
    {
      "uuid": "9a8eae3a-8fbb-488e-874a-a7e13ae72a9e",
      "title": "",
      "fullFile": "cypress/e2e/web/home.cy.js",
      "file": "cypress/e2e/web/home.cy.js",
      "beforeHooks": [],
      "afterHooks": [],
      "tests": [],
      "suites": [
        {
          "uuid": "285619bb-26ea-4cb6-9d22-da9e0268cd44",
          "title": "Homepage-tests-web",
          "fullFile": "",
          "file": "",
          "beforeHooks": [],
          "afterHooks": [],
          "tests": [
            {
              "title": "should open iddaa.com home page",
              "fullTitle": "Homepage-tests-web should open iddaa.com home page",
              "timedOut": null,
              "duration": 60248,
              "state": "failed",
              "speed": null,
              "pass": false,
              "fail": true,
              "pending": false,
              "context": null,
              "code": "const url = cy.url();\nurl.should(\"eq\", IDDAA_URL);",
              "err": {
                "message": "CypressError: Timed out after waiting `60000ms` for your remote page to load.\n\nYour page did not fire its `load` event within `60000ms`.\n\nYou can try increasing the `pageLoadTimeout` value in `home/runner/work/cypressReport/cypressReport/cypress.config.js` to wait longer.\n\nBrowsers will not fire the `load` event until all stylesheets and scripts are done downloading.\n\nWhen this `load` event occurs, Cypress will continue running commands.\n\nBecause this error occurred during a `before each` hook we are skipping the remaining tests in the current suite: `Homepage-tests-web`",
                "estack": "CypressError: Timed out after waiting `60000ms` for your remote page to load.\n\nYour page did not fire its `load` event within `60000ms`.\n\nYou can try increasing the `pageLoadTimeout` value in `home/runner/work/cypressReport/cypressReport/cypress.config.js` to wait longer.\n\nBrowsers will not fire the `load` event until all stylesheets and scripts are done downloading.\n\nWhen this `load` event occurs, Cypress will continue running commands.\n\nBecause this error occurred during a `before each` hook we are skipping the remaining tests in the current suite: `Homepage-tests-web`\n    at timedOutWaitingForPageLoad (https://www.iddaa.com/__cypress/runner/cypress_runner.js:141075:72)\n    at <unknown> (https://www.iddaa.com/__cypress/runner/cypress_runner.js:142255:16)\n    at tryCatcher (https://www.iddaa.com/__cypress/runner/cypress_runner.js:11318:23)\n    at <unknown> (https://www.iddaa.com/__cypress/runner/cypress_runner.js:6440:41)\n    at tryCatcher (https://www.iddaa.com/__cypress/runner/cypress_runner.js:11318:23)\n    at Promise._settlePromiseFromHandler (https://www.iddaa.com/__cypress/runner/cypress_runner.js:9253:31)\n    at Promise._settlePromise (https://www.iddaa.com/__cypress/runner/cypress_runner.js:9310:18)\n    at Promise._settlePromise0 (https://www.iddaa.com/__cypress/runner/cypress_runner.js:9355:10)\n    at Promise._settlePromises (https://www.iddaa.com/__cypress/runner/cypress_runner.js:9431:18)\n    at _drainQueueStep (https://www.iddaa.com/__cypress/runner/cypress_runner.js:6025:12)\n    at _drainQueue (https://www.iddaa.com/__cypress/runner/cypress_runner.js:6018:9)\n    at ../../node_modules/bluebird/js/release/async.js.Async._drainQueues (https://www.iddaa.com/__cypress/runner/cypress_runner.js:6034:5)\n    at Async.drainQueues (https://www.iddaa.com/__cypress/runner/cypress_runner.js:5904:14)\nFrom Your Spec Code:\n    at Context.eval (webpack:///./cypress/e2e/web/home.cy.js:11:11)",
                "diff": null
              },
              "uuid": "c9025700-9bfd-48cc-bf5a-14a1e5d7b2cc",
              "parentUUID": "285619bb-26ea-4cb6-9d22-da9e0268cd44",
              "isHook": false,
              "skipped": false
            },
            {
              "title": "should exist main slider",
              "fullTitle": "Homepage-tests-web should exist main slider",
              "timedOut": null,
              "duration": 0,
              "state": "skipped",
              "speed": null,
              "pass": false,
              "fail": false,
              "pending": false,
              "context": null,
              "code": "const slider = cy.get('[data-comp-name=\"slider-item\"]');\nslider.should(\"be.visible\").should(\"exist\");",
              "err": {},
              "uuid": "cf5c1ba3-9c0f-4989-a57e-9d17ebe7569d",
              "parentUUID": "285619bb-26ea-4cb6-9d22-da9e0268cd44",
              "isHook": false,
              "skipped": true
            },
            {
              "title": "should have title on iddaa home page",
              "fullTitle": "Homepage-tests-web should have title on iddaa home page",
              "timedOut": null,
              "duration": 0,
              "state": "skipped",
              "speed": null,
              "pass": false,
              "fail": false,
              "pending": false,
              "context": null,
              "code": "const title = cy.title();\ntitle.should(\"not.be.empty\");\ntitle.should(\"eq\", \"İddaa - En İyi, En Güvenilir Yasal Canlı Bahis Sitesi İddaa.com İle Canlı Kupon Yapın\");",
              "err": {},
              "uuid": "4dd8cebe-f497-47a9-abeb-cfc125bead86",
              "parentUUID": "285619bb-26ea-4cb6-9d22-da9e0268cd44",
              "isHook": false,
              "skipped": true
            },
            {
              "title": "should have title on iddaa home page - v2",
              "fullTitle": "Homepage-tests-web should have title on iddaa home page - v2",
              "timedOut": null,
              "duration": 0,
              "state": "skipped",
              "speed": null,
              "pass": false,
              "fail": false,
              "pending": false,
              "context": null,
              "code": "const title = cy.title();\ntitle.should(\"not.be.empty\").and(\"eq\", \"İddaa - En İyi, En Güvenilir Yasal Canlı Bahis Sitesi İddaa.com İle Canlı Kupon Yapın\").and(\"have.length.greaterThan\", 10);",
              "err": {},
              "uuid": "3bc8e5b7-6b8b-4c0b-938e-3ca2407d884c",
              "parentUUID": "285619bb-26ea-4cb6-9d22-da9e0268cd44",
              "isHook": false,
              "skipped": true
            },
            {
              "title": "should have scroll down to 500px on iddaa home page and windows scrollY attribute should be 500px",
              "fullTitle": "Homepage-tests-web should have scroll down to 500px on iddaa home page and windows scrollY attribute should be 500px",
              "timedOut": null,
              "duration": 0,
              "state": "skipped",
              "speed": null,
              "pass": false,
              "fail": false,
              "pending": false,
              "context": null,
              "code": "cy.scrollTo(0, 500);\ncy.window().its(\"scrollY\").should(\"eq\", 500);",
              "err": {},
              "uuid": "57756be3-4966-4df2-b753-2638bfa38d21",
              "parentUUID": "285619bb-26ea-4cb6-9d22-da9e0268cd44",
              "isHook": false,
              "skipped": true
            },
            {
              "title": "should have link  the live matches page on navigation  menus first item - 1",
              "fullTitle": "Homepage-tests-web should have link  the live matches page on navigation  menus first item - 1",
              "timedOut": null,
              "duration": 0,
              "state": "skipped",
              "speed": null,
              "pass": false,
              "fail": false,
              "pending": false,
              "context": null,
              "code": "cy.get('[data-comp-name=\"mainMenu-live-button\"]').should(\"have.attr\", \"href\", \"/program/canli/futbol\");",
              "err": {},
              "uuid": "fd1b1e70-f5c2-42d8-9689-fab296ce16f1",
              "parentUUID": "285619bb-26ea-4cb6-9d22-da9e0268cd44",
              "isHook": false,
              "skipped": true
            },
            {
              "title": "should have link  the live matches page on navigation  menus first item - 2",
              "fullTitle": "Homepage-tests-web should have link  the live matches page on navigation  menus first item - 2",
              "timedOut": null,
              "duration": 0,
              "state": "skipped",
              "speed": null,
              "pass": false,
              "fail": false,
              "pending": false,
              "context": null,
              "code": "cy.get('[data-comp-name=\"mainMenu-live-button\"]').invoke(\"attr\", \"href\").then(href => {\n  expect(href).to.equal(\"/program/canli/futbol\");\n});",
              "err": {},
              "uuid": "63a1df4c-be98-47fb-a019-b88fefcaf9b5",
              "parentUUID": "285619bb-26ea-4cb6-9d22-da9e0268cd44",
              "isHook": false,
              "skipped": true
            },
            {
              "title": "should have CANLI text in live matches page on navigation",
              "fullTitle": "Homepage-tests-web should have CANLI text in live matches page on navigation",
              "timedOut": null,
              "duration": 0,
              "state": "skipped",
              "speed": null,
              "pass": false,
              "fail": false,
              "pending": false,
              "context": null,
              "code": "cy.get('[data-comp-name=\"mainMenu-live-button\"] > div').contains(\"CANLI\");",
              "err": {},
              "uuid": "fc760f2c-722a-4f60-8f23-d52717e988bb",
              "parentUUID": "285619bb-26ea-4cb6-9d22-da9e0268cd44",
              "isHook": false,
              "skipped": true
            },
            {
              "title": "should 'tümünü göster button' exist on iddaa home page",
              "fullTitle": "Homepage-tests-web should 'tümünü göster button' exist on iddaa home page",
              "timedOut": null,
              "duration": 0,
              "state": "skipped",
              "speed": null,
              "pass": false,
              "fail": false,
              "pending": false,
              "context": null,
              "code": "cy.get('[data-comp-name=\"shortProgram-button\"]').should(\"exist\");",
              "err": {},
              "uuid": "e79858b0-9a19-4238-8326-3cf0bfa6432d",
              "parentUUID": "285619bb-26ea-4cb6-9d22-da9e0268cd44",
              "isHook": false,
              "skipped": true
            },
            {
              "title": "should 'tümünü göster button' exist on iddaa home page",
              "fullTitle": "Homepage-tests-web should 'tümünü göster button' exist on iddaa home page",
              "timedOut": null,
              "duration": 0,
              "state": "skipped",
              "speed": null,
              "pass": false,
              "fail": false,
              "pending": false,
              "context": null,
              "code": "cy.get('[data-comp-name=\"shortProgram-button\"] > a').should(\"have.attr\", \"href\", \"/program/canli/futbol\");",
              "err": {},
              "uuid": "478b5b54-87ee-4f55-8f27-7f8ae7808559",
              "parentUUID": "285619bb-26ea-4cb6-9d22-da9e0268cd44",
              "isHook": false,
              "skipped": true
            },
            {
              "title": "should have 'tümünü göster button' text on iddaa home page click and go to live match page",
              "fullTitle": "Homepage-tests-web should have 'tümünü göster button' text on iddaa home page click and go to live match page",
              "timedOut": null,
              "duration": 0,
              "state": "skipped",
              "speed": null,
              "pass": false,
              "fail": false,
              "pending": false,
              "context": null,
              "code": "const button = cy.get('[data-comp-name=\"shortProgram-button\"]');\nbutton.click();\ncy.url().should(\"include\", \"/program/canli/futbol\");",
              "err": {},
              "uuid": "30ddabef-1efd-4ab1-b885-9a455d39fa9e",
              "parentUUID": "285619bb-26ea-4cb6-9d22-da9e0268cd44",
              "isHook": false,
              "skipped": true
            }
          ],
          "suites": [],
          "passes": [],
          "failures": [
            "c9025700-9bfd-48cc-bf5a-14a1e5d7b2cc"
          ],
          "pending": [],
          "skipped": [
            "cf5c1ba3-9c0f-4989-a57e-9d17ebe7569d",
            "4dd8cebe-f497-47a9-abeb-cfc125bead86",
            "3bc8e5b7-6b8b-4c0b-938e-3ca2407d884c",
            "57756be3-4966-4df2-b753-2638bfa38d21",
            "fd1b1e70-f5c2-42d8-9689-fab296ce16f1",
            "63a1df4c-be98-47fb-a019-b88fefcaf9b5",
            "fc760f2c-722a-4f60-8f23-d52717e988bb",
            "e79858b0-9a19-4238-8326-3cf0bfa6432d",
            "478b5b54-87ee-4f55-8f27-7f8ae7808559",
            "30ddabef-1efd-4ab1-b885-9a455d39fa9e"
          ],
          "duration": 60248,
          "root": false,
          "rootEmpty": false,
          "_timeout": 2000
        }
      ],
      "passes": [],
      "failures": [],
      "pending": [],
      "skipped": [],
      "duration": 0,
      "root": true,
      "rootEmpty": true,
      "_timeout": 2000
    }
  ],
  "meta": {
    "mocha": {
      "version": "7.0.1"
    },
    "mochawesome": {
      "options": {
        "quiet": true,
        "reportFilename": "mochawesome",
        "saveHtml": false,
        "saveJson": true,
        "consoleReporter": "spec",
        "useInlineDiffs": false,
        "code": true
      },
      "version": "7.1.3"
    },
    "marge": {
      "options": {
        "id": "default",
        "reporterDir": "mochawesome-report",
        "quiet": true,
        "overwrite": false,
        "html": false,
        "json": true
      },
      "version": "6.2.0"
    }
  }
}