{
  "stats": {
    "suites": 1,
    "tests": 1,
    "passes": 0,
    "pending": 0,
    "failures": 1,
    "start": "2023-02-09T12:54:14.164Z",
    "end": "2023-02-09T12:54:30.469Z",
    "duration": 16305,
    "testsRegistered": 11,
    "passPercent": 0,
    "pendingPercent": 0,
    "other": 0,
    "hasOther": false,
    "skipped": 10,
    "hasSkipped": true
  },
  "results": [
    {
      "uuid": "8654268c-1ce7-48a4-9eb2-4cc57c2bcca5",
      "title": "",
      "fullFile": "cypress/e2e/web/home.cy.js",
      "file": "cypress/e2e/web/home.cy.js",
      "beforeHooks": [],
      "afterHooks": [],
      "tests": [],
      "suites": [
        {
          "uuid": "4f0ec6d1-d2f6-48e5-8cde-c9afd794d4e0",
          "title": "Homepage-tests-web",
          "fullFile": "",
          "file": "",
          "beforeHooks": [],
          "afterHooks": [],
          "tests": [
            {
              "title": "should open iddaa.com home page",
              "fullTitle": "Homepage-tests-web should open iddaa.com home page",
              "timedOut": null,
              "duration": 16153,
              "state": "failed",
              "speed": null,
              "pass": false,
              "fail": true,
              "pending": false,
              "context": null,
              "code": "const url = cy.url();\nurl.should(\"eq\", IDDAA_URL);",
              "err": {
                "message": "CypressError: Timed out after waiting `15000ms` for your remote page to load.\n\nYour page did not fire its `load` event within `15000ms`.\n\nYou can try increasing the `pageLoadTimeout` value in `home/runner/work/cypressReport/cypressReport/cypress.config.js` to wait longer.\n\nBrowsers will not fire the `load` event until all stylesheets and scripts are done downloading.\n\nWhen this `load` event occurs, Cypress will continue running commands.\n\nBecause this error occurred during a `before all` hook we are skipping the remaining tests in the current suite: `Homepage-tests-web`",
                "estack": "CypressError: Timed out after waiting `15000ms` for your remote page to load.\n\nYour page did not fire its `load` event within `15000ms`.\n\nYou can try increasing the `pageLoadTimeout` value in `home/runner/work/cypressReport/cypressReport/cypress.config.js` to wait longer.\n\nBrowsers will not fire the `load` event until all stylesheets and scripts are done downloading.\n\nWhen this `load` event occurs, Cypress will continue running commands.\n\nBecause this error occurred during a `before all` hook we are skipping the remaining tests in the current suite: `Homepage-tests-web`\n    at timedOutWaitingForPageLoad (https://www.iddaa.com/__cypress/runner/cypress_runner.js:141075:72)\n    at <unknown> (https://www.iddaa.com/__cypress/runner/cypress_runner.js:142255:16)\n    at tryCatcher (https://www.iddaa.com/__cypress/runner/cypress_runner.js:11318:23)\n    at <unknown> (https://www.iddaa.com/__cypress/runner/cypress_runner.js:6440:41)\n    at tryCatcher (https://www.iddaa.com/__cypress/runner/cypress_runner.js:11318:23)\n    at Promise._settlePromiseFromHandler (https://www.iddaa.com/__cypress/runner/cypress_runner.js:9253:31)\n    at Promise._settlePromise (https://www.iddaa.com/__cypress/runner/cypress_runner.js:9310:18)\n    at Promise._settlePromise0 (https://www.iddaa.com/__cypress/runner/cypress_runner.js:9355:10)\n    at Promise._settlePromises (https://www.iddaa.com/__cypress/runner/cypress_runner.js:9431:18)\n    at _drainQueueStep (https://www.iddaa.com/__cypress/runner/cypress_runner.js:6025:12)\n    at _drainQueue (https://www.iddaa.com/__cypress/runner/cypress_runner.js:6018:9)\n    at ../../node_modules/bluebird/js/release/async.js.Async._drainQueues (https://www.iddaa.com/__cypress/runner/cypress_runner.js:6034:5)\n    at Async.drainQueues (https://www.iddaa.com/__cypress/runner/cypress_runner.js:5904:14)\nFrom Your Spec Code:\n    at Context.eval (webpack:///./cypress/e2e/web/home.cy.js:8:11)",
                "diff": null
              },
              "uuid": "47d58bc1-a817-4326-843a-7a3cb87a9799",
              "parentUUID": "4f0ec6d1-d2f6-48e5-8cde-c9afd794d4e0",
              "isHook": false,
              "skipped": false
            },
            {
              "title": "should exist main slider",
              "fullTitle": "Homepage-tests-web should exist main slider",
              "timedOut": null,
              "duration": 0,
              "state": "skipped",
              "speed": null,
              "pass": false,
              "fail": false,
              "pending": false,
              "context": null,
              "code": "const slider = cy.get('[data-comp-name=\"slider-item\"]');\nslider.should(\"be.visible\").should(\"exist\");",
              "err": {},
              "uuid": "7436b084-6d7b-4207-a169-c50677869c08",
              "parentUUID": "4f0ec6d1-d2f6-48e5-8cde-c9afd794d4e0",
              "isHook": false,
              "skipped": true
            },
            {
              "title": "should have title on iddaa home page",
              "fullTitle": "Homepage-tests-web should have title on iddaa home page",
              "timedOut": null,
              "duration": 0,
              "state": "skipped",
              "speed": null,
              "pass": false,
              "fail": false,
              "pending": false,
              "context": null,
              "code": "const title = cy.title();\ntitle.should(\"not.be.empty\");\ntitle.should(\"eq\", \"İddaa - En İyi, En Güvenilir Yasal Canlı Bahis Sitesi İddaa.com İle Canlı Kupon Yapın\");",
              "err": {},
              "uuid": "d40bd5c0-90f8-4487-b652-76ff19442edd",
              "parentUUID": "4f0ec6d1-d2f6-48e5-8cde-c9afd794d4e0",
              "isHook": false,
              "skipped": true
            },
            {
              "title": "should have title on iddaa home page - v2",
              "fullTitle": "Homepage-tests-web should have title on iddaa home page - v2",
              "timedOut": null,
              "duration": 0,
              "state": "skipped",
              "speed": null,
              "pass": false,
              "fail": false,
              "pending": false,
              "context": null,
              "code": "const title = cy.title();\ntitle.should(\"not.be.empty\").and(\"eq\", \"İddaa - En İyi, En Güvenilir Yasal Canlı Bahis Sitesi İddaa.com İle Canlı Kupon Yapın\").and(\"have.length.greaterThan\", 10);",
              "err": {},
              "uuid": "d0274cbc-9ba9-4c3b-9ee6-e92d8678b78f",
              "parentUUID": "4f0ec6d1-d2f6-48e5-8cde-c9afd794d4e0",
              "isHook": false,
              "skipped": true
            },
            {
              "title": "should have scroll down to 500px on iddaa home page and windows scrollY attribute should be 500px",
              "fullTitle": "Homepage-tests-web should have scroll down to 500px on iddaa home page and windows scrollY attribute should be 500px",
              "timedOut": null,
              "duration": 0,
              "state": "skipped",
              "speed": null,
              "pass": false,
              "fail": false,
              "pending": false,
              "context": null,
              "code": "cy.scrollTo(0, 500);\ncy.window().its(\"scrollY\").should(\"eq\", 500);",
              "err": {},
              "uuid": "01a33244-cce9-421e-bce4-a91afe2d25b1",
              "parentUUID": "4f0ec6d1-d2f6-48e5-8cde-c9afd794d4e0",
              "isHook": false,
              "skipped": true
            },
            {
              "title": "should have link  the live matches page on navigation  menus first item - 1",
              "fullTitle": "Homepage-tests-web should have link  the live matches page on navigation  menus first item - 1",
              "timedOut": null,
              "duration": 0,
              "state": "skipped",
              "speed": null,
              "pass": false,
              "fail": false,
              "pending": false,
              "context": null,
              "code": "cy.get('[data-comp-name=\"mainMenu-live-button\"]').should(\"have.attr\", \"href\", \"/program/canli/futbol\");",
              "err": {},
              "uuid": "19fb3c6f-94c8-4463-b80e-298514d1c376",
              "parentUUID": "4f0ec6d1-d2f6-48e5-8cde-c9afd794d4e0",
              "isHook": false,
              "skipped": true
            },
            {
              "title": "should have link  the live matches page on navigation  menus first item - 2",
              "fullTitle": "Homepage-tests-web should have link  the live matches page on navigation  menus first item - 2",
              "timedOut": null,
              "duration": 0,
              "state": "skipped",
              "speed": null,
              "pass": false,
              "fail": false,
              "pending": false,
              "context": null,
              "code": "cy.get('[data-comp-name=\"mainMenu-live-button\"]').invoke(\"attr\", \"href\").then(href => {\n  expect(href).to.equal(\"/program/canli/futbol\");\n});",
              "err": {},
              "uuid": "fc4c6c3e-e490-4145-9c3f-80c253c36235",
              "parentUUID": "4f0ec6d1-d2f6-48e5-8cde-c9afd794d4e0",
              "isHook": false,
              "skipped": true
            },
            {
              "title": "should have CANLI text in live matches page on navigation",
              "fullTitle": "Homepage-tests-web should have CANLI text in live matches page on navigation",
              "timedOut": null,
              "duration": 0,
              "state": "skipped",
              "speed": null,
              "pass": false,
              "fail": false,
              "pending": false,
              "context": null,
              "code": "cy.get('[data-comp-name=\"mainMenu-live-button\"] > div').contains(\"CANLI\");",
              "err": {},
              "uuid": "ff15d5e4-790b-443b-868d-65fc0d340398",
              "parentUUID": "4f0ec6d1-d2f6-48e5-8cde-c9afd794d4e0",
              "isHook": false,
              "skipped": true
            },
            {
              "title": "should 'tümünü göster button' exist on iddaa home page",
              "fullTitle": "Homepage-tests-web should 'tümünü göster button' exist on iddaa home page",
              "timedOut": null,
              "duration": 0,
              "state": "skipped",
              "speed": null,
              "pass": false,
              "fail": false,
              "pending": false,
              "context": null,
              "code": "cy.get('[data-comp-name=\"shortProgram-button\"]').should(\"exist\");",
              "err": {},
              "uuid": "82040b06-4826-47b3-a586-cb3201ed6096",
              "parentUUID": "4f0ec6d1-d2f6-48e5-8cde-c9afd794d4e0",
              "isHook": false,
              "skipped": true
            },
            {
              "title": "should 'tümünü göster button' exist on iddaa home page",
              "fullTitle": "Homepage-tests-web should 'tümünü göster button' exist on iddaa home page",
              "timedOut": null,
              "duration": 0,
              "state": "skipped",
              "speed": null,
              "pass": false,
              "fail": false,
              "pending": false,
              "context": null,
              "code": "cy.get('[data-comp-name=\"shortProgram-button\"] > a').should(\"have.attr\", \"href\", \"/program/canli/futbol\");",
              "err": {},
              "uuid": "67b95cdb-c434-49fc-8e5d-1bd2f5565f59",
              "parentUUID": "4f0ec6d1-d2f6-48e5-8cde-c9afd794d4e0",
              "isHook": false,
              "skipped": true
            },
            {
              "title": "should have 'tümünü göster button' text on iddaa home page click and go to live match page",
              "fullTitle": "Homepage-tests-web should have 'tümünü göster button' text on iddaa home page click and go to live match page",
              "timedOut": null,
              "duration": 0,
              "state": "skipped",
              "speed": null,
              "pass": false,
              "fail": false,
              "pending": false,
              "context": null,
              "code": "const button = cy.get('[data-comp-name=\"shortProgram-button\"]');\nbutton.click();\ncy.url().should(\"include\", \"/program/canli/futbol\");",
              "err": {},
              "uuid": "033f4bc4-0a32-4a27-8b15-ad86aaa4ebe6",
              "parentUUID": "4f0ec6d1-d2f6-48e5-8cde-c9afd794d4e0",
              "isHook": false,
              "skipped": true
            }
          ],
          "suites": [],
          "passes": [],
          "failures": [
            "47d58bc1-a817-4326-843a-7a3cb87a9799"
          ],
          "pending": [],
          "skipped": [
            "7436b084-6d7b-4207-a169-c50677869c08",
            "d40bd5c0-90f8-4487-b652-76ff19442edd",
            "d0274cbc-9ba9-4c3b-9ee6-e92d8678b78f",
            "01a33244-cce9-421e-bce4-a91afe2d25b1",
            "19fb3c6f-94c8-4463-b80e-298514d1c376",
            "fc4c6c3e-e490-4145-9c3f-80c253c36235",
            "ff15d5e4-790b-443b-868d-65fc0d340398",
            "82040b06-4826-47b3-a586-cb3201ed6096",
            "67b95cdb-c434-49fc-8e5d-1bd2f5565f59",
            "033f4bc4-0a32-4a27-8b15-ad86aaa4ebe6"
          ],
          "duration": 16153,
          "root": false,
          "rootEmpty": false,
          "_timeout": 2000
        }
      ],
      "passes": [],
      "failures": [],
      "pending": [],
      "skipped": [],
      "duration": 0,
      "root": true,
      "rootEmpty": true,
      "_timeout": 2000
    }
  ],
  "meta": {
    "mocha": {
      "version": "7.0.1"
    },
    "mochawesome": {
      "options": {
        "quiet": true,
        "reportFilename": "mochawesome",
        "saveHtml": false,
        "saveJson": true,
        "consoleReporter": "spec",
        "useInlineDiffs": false,
        "code": true
      },
      "version": "7.1.3"
    },
    "marge": {
      "options": {
        "id": "default",
        "reporterDir": "mochawesome-report",
        "quiet": true,
        "overwrite": false,
        "html": false,
        "json": true
      },
      "version": "6.2.0"
    }
  }
}