{
  "stats": {
    "suites": 2,
    "tests": 1,
    "passes": 1,
    "pending": 0,
    "failures": 0,
    "start": "2023-02-09T10:28:44.550Z",
    "end": "2023-02-09T10:28:44.722Z",
    "duration": 172,
    "testsRegistered": 1,
    "passPercent": 100,
    "pendingPercent": 0,
    "other": 0,
    "hasOther": false,
    "skipped": 0,
    "hasSkipped": false
  },
  "results": [
    {
      "uuid": "ba5b2b01-d775-455e-bcfd-40c02447c087",
      "title": "",
      "fullFile": "cypress/e2e/Usuarios/POST-users.cy.js",
      "file": "cypress/e2e/Usuarios/POST-users.cy.js",
      "beforeHooks": [],
      "afterHooks": [],
      "tests": [],
      "suites": [
        {
          "uuid": "d31d87a7-adc4-4621-85ac-b8e2f1ec84a4",
          "title": "Given the Users api",
          "fullFile": "",
          "file": "",
          "beforeHooks": [],
          "afterHooks": [],
          "tests": [],
          "suites": [
            {
              "uuid": "8e0ccead-fa8b-48a1-9efc-abf21f947e22",
              "title": "When I send POST /usuarios",
              "fullFile": "",
              "file": "",
              "beforeHooks": [],
              "afterHooks": [],
              "tests": [
                {
                  "title": "Then it should create a new user",
                  "fullTitle": "Given the Users api When I send POST /usuarios Then it should create a new user",
                  "timedOut": null,
                  "duration": 148,
                  "state": "passed",
                  "speed": "fast",
                  "pass": true,
                  "fail": false,
                  "pending": false,
                  "context": null,
                  "code": "cy.api({\n  method: \"POST\",\n  url: \"/usuarios\",\n  body: fakeUser\n}).should(response => {\n  expect(response.status).eq(201);\n  expect(response.body.message).eq(\"Cadastro realizado com sucesso\");\n});",
                  "err": {},
                  "uuid": "2752c2a3-4b4e-4ede-95cf-70d9f82a4c96",
                  "parentUUID": "8e0ccead-fa8b-48a1-9efc-abf21f947e22",
                  "isHook": false,
                  "skipped": false
                }
              ],
              "suites": [],
              "passes": [
                "2752c2a3-4b4e-4ede-95cf-70d9f82a4c96"
              ],
              "failures": [],
              "pending": [],
              "skipped": [],
              "duration": 148,
              "root": false,
              "rootEmpty": false,
              "_timeout": 2000
            }
          ],
          "passes": [],
          "failures": [],
          "pending": [],
          "skipped": [],
          "duration": 0,
          "root": false,
          "rootEmpty": false,
          "_timeout": 2000
        }
      ],
      "passes": [],
      "failures": [],
      "pending": [],
      "skipped": [],
      "duration": 0,
      "root": true,
      "rootEmpty": true,
      "_timeout": 2000
    }
  ],
  "meta": {
    "mocha": {
      "version": "7.0.1"
    },
    "mochawesome": {
      "options": {
        "quiet": true,
        "reportFilename": "mochawesome",
        "saveHtml": false,
        "saveJson": true,
        "consoleReporter": "spec",
        "useInlineDiffs": false,
        "code": true
      },
      "version": "7.1.3"
    },
    "marge": {
      "options": {
        "id": "default",
        "reporterDir": "mochawesome-report",
        "quiet": true,
        "overwrite": false,
        "html": false,
        "json": true
      },
      "version": "6.2.0"
    }
  }
}