{
  "stats": {
    "suites": 1,
    "tests": 9,
    "passes": 8,
    "pending": 0,
    "failures": 1,
    "start": "2023-03-06T00:30:18.066Z",
    "end": "2023-03-06T00:32:29.478Z",
    "duration": 131412,
    "testsRegistered": 9,
    "passPercent": 88.88888888888889,
    "pendingPercent": 0,
    "other": 0,
    "hasOther": false,
    "skipped": 0,
    "hasSkipped": false
  },
  "results": [
    {
      "uuid": "c308932a-3ac5-44bf-becb-e8b9373eb78f",
      "title": "",
      "fullFile": "cypress/e2e/web/home.cy.js",
      "file": "cypress/e2e/web/home.cy.js",
      "beforeHooks": [],
      "afterHooks": [],
      "tests": [],
      "suites": [
        {
          "uuid": "5d3359f1-1ee0-492f-ad91-e23f92bb5480",
          "title": "Homepage-tests-web",
          "fullFile": "",
          "file": "",
          "beforeHooks": [],
          "afterHooks": [],
          "tests": [
            {
              "title": "should have title on iddaa home page",
              "fullTitle": "Homepage-tests-web should have title on iddaa home page",
              "timedOut": null,
              "duration": 120263,
              "state": "failed",
              "speed": null,
              "pass": false,
              "fail": true,
              "pending": false,
              "context": null,
              "code": "cy.visit(\"/\");\nconst title = cy.title();\ntitle.should(\"not.be.empty\");\ntitle.should(\"eq\", \"İddaa - En İyi, En Güvenilir Yasal Canlı Bahis Sitesi İddaa.com İle Canlı Kupon Yapın\");",
              "err": {
                "message": "CypressError: Timed out after waiting `120000ms` for your remote page to load.\n\nYour page did not fire its `load` event within `120000ms`.\n\nYou can try increasing the `pageLoadTimeout` value in `home/runner/work/cypress-report/cypress-report/cypress.config.js` to wait longer.\n\nBrowsers will not fire the `load` event until all stylesheets and scripts are done downloading.\n\nWhen this `load` event occurs, Cypress will continue running commands.",
                "estack": "CypressError: Timed out after waiting `120000ms` for your remote page to load.\n\nYour page did not fire its `load` event within `120000ms`.\n\nYou can try increasing the `pageLoadTimeout` value in `home/runner/work/cypress-report/cypress-report/cypress.config.js` to wait longer.\n\nBrowsers will not fire the `load` event until all stylesheets and scripts are done downloading.\n\nWhen this `load` event occurs, Cypress will continue running commands.\n    at timedOutWaitingForPageLoad (https://www.iddaa.com/__cypress/runner/cypress_runner.js:141075:72)\n    at <unknown> (https://www.iddaa.com/__cypress/runner/cypress_runner.js:142255:16)\n    at tryCatcher (https://www.iddaa.com/__cypress/runner/cypress_runner.js:11318:23)\n    at <unknown> (https://www.iddaa.com/__cypress/runner/cypress_runner.js:6440:41)\n    at tryCatcher (https://www.iddaa.com/__cypress/runner/cypress_runner.js:11318:23)\n    at Promise._settlePromiseFromHandler (https://www.iddaa.com/__cypress/runner/cypress_runner.js:9253:31)\n    at Promise._settlePromise (https://www.iddaa.com/__cypress/runner/cypress_runner.js:9310:18)\n    at Promise._settlePromise0 (https://www.iddaa.com/__cypress/runner/cypress_runner.js:9355:10)\n    at Promise._settlePromises (https://www.iddaa.com/__cypress/runner/cypress_runner.js:9431:18)\n    at _drainQueueStep (https://www.iddaa.com/__cypress/runner/cypress_runner.js:6025:12)\n    at _drainQueue (https://www.iddaa.com/__cypress/runner/cypress_runner.js:6018:9)\n    at ../../node_modules/bluebird/js/release/async.js.Async._drainQueues (https://www.iddaa.com/__cypress/runner/cypress_runner.js:6034:5)\n    at Async.drainQueues (https://www.iddaa.com/__cypress/runner/cypress_runner.js:5904:14)\nFrom Your Spec Code:\n    at Context.eval (webpack:///./cypress/e2e/web/home.cy.js:7:11)",
                "diff": null
              },
              "uuid": "b190cbce-2006-45a2-8c6c-a63cfe90251b",
              "parentUUID": "5d3359f1-1ee0-492f-ad91-e23f92bb5480",
              "isHook": false,
              "skipped": false
            },
            {
              "title": "should have title on iddaa home page - v2",
              "fullTitle": "Homepage-tests-web should have title on iddaa home page - v2",
              "timedOut": null,
              "duration": 1369,
              "state": "passed",
              "speed": "fast",
              "pass": true,
              "fail": false,
              "pending": false,
              "context": null,
              "code": "cy.visit(\"/\");\nconst title = cy.title();\ntitle.should(\"not.be.empty\").and(\"eq\", \"İddaa - En İyi, En Güvenilir Yasal Canlı Bahis Sitesi İddaa.com İle Canlı Kupon Yapın\").and(\"have.length.greaterThan\", 10);",
              "err": {},
              "uuid": "8ac7d276-2d52-4389-b154-2d6dc4441c90",
              "parentUUID": "5d3359f1-1ee0-492f-ad91-e23f92bb5480",
              "isHook": false,
              "skipped": false
            },
            {
              "title": "should have scroll down to 500px on iddaa home page and windows scrollY attribute should be 500px",
              "fullTitle": "Homepage-tests-web should have scroll down to 500px on iddaa home page and windows scrollY attribute should be 500px",
              "timedOut": null,
              "duration": 1656,
              "state": "passed",
              "speed": "fast",
              "pass": true,
              "fail": false,
              "pending": false,
              "context": null,
              "code": "cy.visit(\"/\");\ncy.scrollTo(0, 500);\ncy.window().its(\"scrollY\").should(\"eq\", 500);",
              "err": {},
              "uuid": "dd329867-bcf6-447d-9be3-a6e8f5e408a2",
              "parentUUID": "5d3359f1-1ee0-492f-ad91-e23f92bb5480",
              "isHook": false,
              "skipped": false
            },
            {
              "title": "should have link  the live matches page on navigation  menus first item - 1",
              "fullTitle": "Homepage-tests-web should have link  the live matches page on navigation  menus first item - 1",
              "timedOut": null,
              "duration": 625,
              "state": "passed",
              "speed": "fast",
              "pass": true,
              "fail": false,
              "pending": false,
              "context": null,
              "code": "cy.visit(\"/\");\ncy.get('[data-comp-name=\"mainMenu-live-button\"]').should(\"have.attr\", \"href\", \"/program/canli/futbol\");",
              "err": {},
              "uuid": "83aab8a0-3f51-4a17-8d3d-4545e246d213",
              "parentUUID": "5d3359f1-1ee0-492f-ad91-e23f92bb5480",
              "isHook": false,
              "skipped": false
            },
            {
              "title": "should have link  the live matches page on navigation  menus first item - 2",
              "fullTitle": "Homepage-tests-web should have link  the live matches page on navigation  menus first item - 2",
              "timedOut": null,
              "duration": 981,
              "state": "passed",
              "speed": "fast",
              "pass": true,
              "fail": false,
              "pending": false,
              "context": null,
              "code": "cy.visit(\"/\");\ncy.get('[data-comp-name=\"mainMenu-live-button\"]').invoke(\"attr\", \"href\").then(href => {\n  expect(href).to.equal(\"/program/canli/futbol\");\n});",
              "err": {},
              "uuid": "ef1a2c67-b45a-4d6c-9ffe-f56b9d3a3851",
              "parentUUID": "5d3359f1-1ee0-492f-ad91-e23f92bb5480",
              "isHook": false,
              "skipped": false
            },
            {
              "title": "should have CANLI text in live matches page on navigation",
              "fullTitle": "Homepage-tests-web should have CANLI text in live matches page on navigation",
              "timedOut": null,
              "duration": 1075,
              "state": "passed",
              "speed": "fast",
              "pass": true,
              "fail": false,
              "pending": false,
              "context": null,
              "code": "cy.visit(\"/\");\ncy.get('[data-comp-name=\"mainMenu-live-button\"] > div').contains(\"CANLI\");",
              "err": {},
              "uuid": "a4cd870a-0e2b-4f5a-a01c-6464b065edfd",
              "parentUUID": "5d3359f1-1ee0-492f-ad91-e23f92bb5480",
              "isHook": false,
              "skipped": false
            },
            {
              "title": "should 'tümünü göster button' exist on iddaa home page",
              "fullTitle": "Homepage-tests-web should 'tümünü göster button' exist on iddaa home page",
              "timedOut": null,
              "duration": 1900,
              "state": "passed",
              "speed": "fast",
              "pass": true,
              "fail": false,
              "pending": false,
              "context": null,
              "code": "cy.visit(\"/\");\ncy.get('[data-comp-name=\"shortProgram-button\"]').should(\"exist\");",
              "err": {},
              "uuid": "205b7152-71cb-49e2-9f85-987f0fb6df4b",
              "parentUUID": "5d3359f1-1ee0-492f-ad91-e23f92bb5480",
              "isHook": false,
              "skipped": false
            },
            {
              "title": "should 'tümünü göster button' exist on iddaa home page",
              "fullTitle": "Homepage-tests-web should 'tümünü göster button' exist on iddaa home page",
              "timedOut": null,
              "duration": 956,
              "state": "passed",
              "speed": "fast",
              "pass": true,
              "fail": false,
              "pending": false,
              "context": null,
              "code": "cy.visit(\"/\");\ncy.get('[data-comp-name=\"shortProgram-button\"] > a').should(\"have.attr\", \"href\", \"/program/canli/futbol\");",
              "err": {},
              "uuid": "7a0707d6-fd06-4b38-9c78-3180475ba303",
              "parentUUID": "5d3359f1-1ee0-492f-ad91-e23f92bb5480",
              "isHook": false,
              "skipped": false
            },
            {
              "title": "should have 'tümünü göster button' text on iddaa home page click and go to live match page",
              "fullTitle": "Homepage-tests-web should have 'tümünü göster button' text on iddaa home page click and go to live match page",
              "timedOut": null,
              "duration": 1964,
              "state": "passed",
              "speed": "fast",
              "pass": true,
              "fail": false,
              "pending": false,
              "context": null,
              "code": "cy.visit(\"/\");\nconst button = cy.get('[data-comp-name=\"shortProgram-button\"]');\nbutton.click();\ncy.url().should(\"include\", \"/program/canli/futbol\");",
              "err": {},
              "uuid": "dc18aba7-3692-4958-898a-7c3bb433af8b",
              "parentUUID": "5d3359f1-1ee0-492f-ad91-e23f92bb5480",
              "isHook": false,
              "skipped": false
            }
          ],
          "suites": [],
          "passes": [
            "8ac7d276-2d52-4389-b154-2d6dc4441c90",
            "dd329867-bcf6-447d-9be3-a6e8f5e408a2",
            "83aab8a0-3f51-4a17-8d3d-4545e246d213",
            "ef1a2c67-b45a-4d6c-9ffe-f56b9d3a3851",
            "a4cd870a-0e2b-4f5a-a01c-6464b065edfd",
            "205b7152-71cb-49e2-9f85-987f0fb6df4b",
            "7a0707d6-fd06-4b38-9c78-3180475ba303",
            "dc18aba7-3692-4958-898a-7c3bb433af8b"
          ],
          "failures": [
            "b190cbce-2006-45a2-8c6c-a63cfe90251b"
          ],
          "pending": [],
          "skipped": [],
          "duration": 130789,
          "root": false,
          "rootEmpty": false,
          "_timeout": 2000
        }
      ],
      "passes": [],
      "failures": [],
      "pending": [],
      "skipped": [],
      "duration": 0,
      "root": true,
      "rootEmpty": true,
      "_timeout": 2000
    }
  ],
  "meta": {
    "mocha": {
      "version": "7.0.1"
    },
    "mochawesome": {
      "options": {
        "quiet": true,
        "reportFilename": "mochawesome",
        "saveHtml": false,
        "saveJson": true,
        "consoleReporter": "spec",
        "useInlineDiffs": false,
        "code": true
      },
      "version": "7.1.3"
    },
    "marge": {
      "options": {
        "id": "default",
        "reporterDir": "mochawesome-report",
        "quiet": true,
        "overwrite": false,
        "html": false,
        "json": true
      },
      "version": "6.2.0"
    }
  }
}