{
  "stats": {
    "suites": 1,
    "tests": 10,
    "passes": 9,
    "pending": 0,
    "failures": 1,
    "start": "2023-03-24T12:25:37.686Z",
    "end": "2023-03-24T12:27:48.649Z",
    "duration": 130963,
    "testsRegistered": 10,
    "passPercent": 90,
    "pendingPercent": 0,
    "other": 0,
    "hasOther": false,
    "skipped": 0,
    "hasSkipped": false
  },
  "results": [
    {
      "uuid": "d26ecf59-bf4f-4823-8304-3329837fbb7b",
      "title": "",
      "fullFile": "cypress/e2e/web/home.cy.js",
      "file": "cypress/e2e/web/home.cy.js",
      "beforeHooks": [],
      "afterHooks": [],
      "tests": [],
      "suites": [
        {
          "uuid": "fceedcba-a615-4092-b2d2-07922747aa0c",
          "title": "Homepage-tests-web",
          "fullFile": "",
          "file": "",
          "beforeHooks": [],
          "afterHooks": [],
          "tests": [
            {
              "title": "should have title on iddaa home page",
              "fullTitle": "Homepage-tests-web should have title on iddaa home page",
              "timedOut": null,
              "duration": 120281,
              "state": "failed",
              "speed": null,
              "pass": false,
              "fail": true,
              "pending": false,
              "context": null,
              "code": "cy.visit(\"/\");\nconst title = cy.title();\ntitle.should(\"not.be.empty\");\ntitle.should(\"eq\", \"İddaa - En İyi, En Güvenilir Yasal Canlı Bahis Sitesi İddaa.com İle Canlı Kupon Yapın\");",
              "err": {
                "message": "CypressError: Timed out after waiting `120000ms` for your remote page to load.\n\nYour page did not fire its `load` event within `120000ms`.\n\nYou can try increasing the `pageLoadTimeout` value in `home/runner/work/cypress-report/cypress-report/cypress.config.js` to wait longer.\n\nBrowsers will not fire the `load` event until all stylesheets and scripts are done downloading.\n\nWhen this `load` event occurs, Cypress will continue running commands.",
                "estack": "CypressError: Timed out after waiting `120000ms` for your remote page to load.\n\nYour page did not fire its `load` event within `120000ms`.\n\nYou can try increasing the `pageLoadTimeout` value in `home/runner/work/cypress-report/cypress-report/cypress.config.js` to wait longer.\n\nBrowsers will not fire the `load` event until all stylesheets and scripts are done downloading.\n\nWhen this `load` event occurs, Cypress will continue running commands.\n    at timedOutWaitingForPageLoad (https://www.iddaa.com/__cypress/runner/cypress_runner.js:141075:72)\n    at <unknown> (https://www.iddaa.com/__cypress/runner/cypress_runner.js:142255:16)\n    at tryCatcher (https://www.iddaa.com/__cypress/runner/cypress_runner.js:11318:23)\n    at <unknown> (https://www.iddaa.com/__cypress/runner/cypress_runner.js:6440:41)\n    at tryCatcher (https://www.iddaa.com/__cypress/runner/cypress_runner.js:11318:23)\n    at Promise._settlePromiseFromHandler (https://www.iddaa.com/__cypress/runner/cypress_runner.js:9253:31)\n    at Promise._settlePromise (https://www.iddaa.com/__cypress/runner/cypress_runner.js:9310:18)\n    at Promise._settlePromise0 (https://www.iddaa.com/__cypress/runner/cypress_runner.js:9355:10)\n    at Promise._settlePromises (https://www.iddaa.com/__cypress/runner/cypress_runner.js:9431:18)\n    at _drainQueueStep (https://www.iddaa.com/__cypress/runner/cypress_runner.js:6025:12)\n    at _drainQueue (https://www.iddaa.com/__cypress/runner/cypress_runner.js:6018:9)\n    at ../../node_modules/bluebird/js/release/async.js.Async._drainQueues (https://www.iddaa.com/__cypress/runner/cypress_runner.js:6034:5)\n    at Async.drainQueues (https://www.iddaa.com/__cypress/runner/cypress_runner.js:5904:14)\nFrom Your Spec Code:\n    at Context.eval (webpack:///./cypress/e2e/web/home.cy.js:8:11)",
                "diff": null
              },
              "uuid": "d9b93eb0-21a9-4703-840b-845a8da56940",
              "parentUUID": "fceedcba-a615-4092-b2d2-07922747aa0c",
              "isHook": false,
              "skipped": false
            },
            {
              "title": "should have title on iddaa home page - v2",
              "fullTitle": "Homepage-tests-web should have title on iddaa home page - v2",
              "timedOut": null,
              "duration": 1475,
              "state": "passed",
              "speed": "fast",
              "pass": true,
              "fail": false,
              "pending": false,
              "context": null,
              "code": "cy.visit(\"/\");\nconst title = cy.title();\ntitle.should(\"not.be.empty\").and(\"eq\", \"İddaa - En İyi, En Güvenilir Yasal Canlı Bahis Sitesi İddaa.com İle Canlı Kupon Yapın\").and(\"have.length.greaterThan\", 10);",
              "err": {},
              "uuid": "ca78e77a-2986-4e84-8149-ca8a1d93ea0d",
              "parentUUID": "fceedcba-a615-4092-b2d2-07922747aa0c",
              "isHook": false,
              "skipped": false
            },
            {
              "title": "should have scroll down to 500px on iddaa home page and windows scrollY attribute should be 500px",
              "fullTitle": "Homepage-tests-web should have scroll down to 500px on iddaa home page and windows scrollY attribute should be 500px",
              "timedOut": null,
              "duration": 1284,
              "state": "passed",
              "speed": "fast",
              "pass": true,
              "fail": false,
              "pending": false,
              "context": null,
              "code": "cy.visit(\"/\");\ncy.scrollTo(0, 500);\ncy.window().its(\"scrollY\").should(\"eq\", 500);",
              "err": {},
              "uuid": "328fb130-69c4-4382-be0b-2f32972f5f5b",
              "parentUUID": "fceedcba-a615-4092-b2d2-07922747aa0c",
              "isHook": false,
              "skipped": false
            },
            {
              "title": "should have link  the live matches page on navigation  menus first item - 1",
              "fullTitle": "Homepage-tests-web should have link  the live matches page on navigation  menus first item - 1",
              "timedOut": null,
              "duration": 661,
              "state": "passed",
              "speed": "fast",
              "pass": true,
              "fail": false,
              "pending": false,
              "context": null,
              "code": "cy.visit(\"/\");\ncy.get('[data-comp-name=\"mainMenu-live-button\"]').should(\"have.attr\", \"href\", \"/program/canli/futbol\");",
              "err": {},
              "uuid": "08bb9b99-8f4a-4f19-a6c5-06289bd1f712",
              "parentUUID": "fceedcba-a615-4092-b2d2-07922747aa0c",
              "isHook": false,
              "skipped": false
            },
            {
              "title": "should have link  the live matches page on navigation  menus first item - 2",
              "fullTitle": "Homepage-tests-web should have link  the live matches page on navigation  menus first item - 2",
              "timedOut": null,
              "duration": 997,
              "state": "passed",
              "speed": "fast",
              "pass": true,
              "fail": false,
              "pending": false,
              "context": null,
              "code": "cy.visit(\"/\");\ncy.get('[data-comp-name=\"mainMenu-live-button\"]').invoke(\"attr\", \"href\").then(href => {\n  expect(href).to.equal(\"/program/canli/futbol\");\n});",
              "err": {},
              "uuid": "08f436e7-8571-4d1e-a3e1-46365e189dd5",
              "parentUUID": "fceedcba-a615-4092-b2d2-07922747aa0c",
              "isHook": false,
              "skipped": false
            },
            {
              "title": "should have CANLI text in live matches page on navigation",
              "fullTitle": "Homepage-tests-web should have CANLI text in live matches page on navigation",
              "timedOut": null,
              "duration": 1199,
              "state": "passed",
              "speed": "fast",
              "pass": true,
              "fail": false,
              "pending": false,
              "context": null,
              "code": "cy.visit(\"/\");\ncy.get('[data-comp-name=\"mainMenu-live-button\"] > div').contains(\"CANLI\");",
              "err": {},
              "uuid": "17295b9d-f821-4120-a5a4-66eeba41416a",
              "parentUUID": "fceedcba-a615-4092-b2d2-07922747aa0c",
              "isHook": false,
              "skipped": false
            },
            {
              "title": "should 'tümünü göster button' exist on iddaa home page",
              "fullTitle": "Homepage-tests-web should 'tümünü göster button' exist on iddaa home page",
              "timedOut": null,
              "duration": 854,
              "state": "passed",
              "speed": "fast",
              "pass": true,
              "fail": false,
              "pending": false,
              "context": null,
              "code": "cy.visit(\"/\");\ncy.get('[data-comp-name=\"shortProgram-button\"]').should(\"exist\");",
              "err": {},
              "uuid": "608d1f51-6497-4a3d-9f5f-ecf0d4051bf3",
              "parentUUID": "fceedcba-a615-4092-b2d2-07922747aa0c",
              "isHook": false,
              "skipped": false
            },
            {
              "title": "should 'tümünü göster button' exist on iddaa home page",
              "fullTitle": "Homepage-tests-web should 'tümünü göster button' exist on iddaa home page",
              "timedOut": null,
              "duration": 1461,
              "state": "passed",
              "speed": "fast",
              "pass": true,
              "fail": false,
              "pending": false,
              "context": null,
              "code": "cy.visit(\"/\");\ncy.get('[data-comp-name=\"shortProgram-button\"] > a').should(\"have.attr\", \"href\", \"/program/canli/futbol\");",
              "err": {},
              "uuid": "4fd18d5c-0fc6-4b49-956b-c27dc8971359",
              "parentUUID": "fceedcba-a615-4092-b2d2-07922747aa0c",
              "isHook": false,
              "skipped": false
            },
            {
              "title": "should have 'tümünü göster button' text on iddaa home page click and go to live match page",
              "fullTitle": "Homepage-tests-web should have 'tümünü göster button' text on iddaa home page click and go to live match page",
              "timedOut": null,
              "duration": 1794,
              "state": "passed",
              "speed": "fast",
              "pass": true,
              "fail": false,
              "pending": false,
              "context": null,
              "code": "cy.visit(\"/\");\nconst button = cy.get('[data-comp-name=\"shortProgram-button\"]');\nbutton.click();\ncy.url().should(\"include\", \"/program/canli/futbol\");",
              "err": {},
              "uuid": "7a311ccf-3282-4a85-aafe-4cdb0b3abd64",
              "parentUUID": "fceedcba-a615-4092-b2d2-07922747aa0c",
              "isHook": false,
              "skipped": false
            },
            {
              "title": "Does not do much!",
              "fullTitle": "Homepage-tests-web Does not do much!",
              "timedOut": null,
              "duration": 411,
              "state": "passed",
              "speed": "fast",
              "pass": true,
              "fail": false,
              "pending": false,
              "context": null,
              "code": "expect(true).to.equal(true);",
              "err": {},
              "uuid": "4423dcef-72c9-43ad-8e09-3766a0970a1c",
              "parentUUID": "fceedcba-a615-4092-b2d2-07922747aa0c",
              "isHook": false,
              "skipped": false
            }
          ],
          "suites": [],
          "passes": [
            "ca78e77a-2986-4e84-8149-ca8a1d93ea0d",
            "328fb130-69c4-4382-be0b-2f32972f5f5b",
            "08bb9b99-8f4a-4f19-a6c5-06289bd1f712",
            "08f436e7-8571-4d1e-a3e1-46365e189dd5",
            "17295b9d-f821-4120-a5a4-66eeba41416a",
            "608d1f51-6497-4a3d-9f5f-ecf0d4051bf3",
            "4fd18d5c-0fc6-4b49-956b-c27dc8971359",
            "7a311ccf-3282-4a85-aafe-4cdb0b3abd64",
            "4423dcef-72c9-43ad-8e09-3766a0970a1c"
          ],
          "failures": [
            "d9b93eb0-21a9-4703-840b-845a8da56940"
          ],
          "pending": [],
          "skipped": [],
          "duration": 130417,
          "root": false,
          "rootEmpty": false,
          "_timeout": 2000
        }
      ],
      "passes": [],
      "failures": [],
      "pending": [],
      "skipped": [],
      "duration": 0,
      "root": true,
      "rootEmpty": true,
      "_timeout": 2000
    }
  ],
  "meta": {
    "mocha": {
      "version": "7.0.1"
    },
    "mochawesome": {
      "options": {
        "quiet": true,
        "reportFilename": "mochawesome",
        "saveHtml": false,
        "saveJson": true,
        "consoleReporter": "spec",
        "useInlineDiffs": false,
        "code": true
      },
      "version": "7.1.3"
    },
    "marge": {
      "options": {
        "id": "default",
        "reporterDir": "mochawesome-report",
        "quiet": true,
        "overwrite": false,
        "html": false,
        "json": true
      },
      "version": "6.2.0"
    }
  }
}